Arguments: 
  /usr/local/Cellar/node/10.4.0/bin/node /usr/local/bin/yarn watch

PATH: 
  /opt/subversion/bin/:/usr/local/mysql/bin:/usr/local/php5/bin:/bin:/sbin:/usr/bin:/usr/local/sbin:/usr/local/bin:/usr/local/bin:/usr/bin:/bin:/usr/sbin:/sbin:/Users/andrew/.rvm/bin

Yarn version: 
  1.5.0

Node version: 
  10.4.0

Platform: 
  darwin x64

npm manifest: 
  {
    "name": "slack-clone",
    "version": "1.0.0",
    "description": "",
    "main": "index.js",
    "watch": {
      "build": "{sever,public/**/*.js}"
    },
    "scripts": {
      "test": "echo \"Error: no test specified\" && exit 1",
      "watch": "npm-watch",
      "build": "cd public && polymer build"
    },
    "author": "",
    "license": "ISC"
  }

yarn manifest: 
  No manifest

Lockfile: 
  No lockfile

Trace: 
  Error: Command failed.
  Exit code: 127
  Command: sh
  Arguments: -c npm-watch
  Directory: /Users/andrew/sandbox/slack-clone
  Output:
  
      at ProcessTermError.MessageError (/usr/local/lib/node_modules/yarn/lib/cli.js:186:110)
      at new ProcessTermError (/usr/local/lib/node_modules/yarn/lib/cli.js:226:113)
      at ChildProcess.<anonymous> (/usr/local/lib/node_modules/yarn/lib/cli.js:30281:17)
      at ChildProcess.emit (events.js:182:13)
      at maybeClose (internal/child_process.js:961:16)
      at Process.ChildProcess._handle.onexit (internal/child_process.js:248:5)
